{"/mnt/c/Users/Austin/Desktop/reviews/client/index.jsx": {"path":"/mnt/c/Users/Austin/Desktop/reviews/client/index.jsx","statementMap":{"0":{"start":{"line":9,"column":4},"end":{"line":9,"column":16}},"1":{"start":{"line":10,"column":4},"end":{"line":12,"column":5}},"2":{"start":{"line":17,"column":13},"end":{"line":17,"column":35}},"3":{"start":{"line":19,"column":19},"end":{"line":19,"column":23}},"4":{"start":{"line":20,"column":4},"end":{"line":24,"column":6}},"5":{"start":{"line":21,"column":6},"end":{"line":23,"column":8}},"6":{"start":{"line":28,"column":3},"end":{"line":32,"column":4}},"7":{"start":{"line":38,"column":1},"end":{"line":41,"column":3}}},"fnMap":{"0":{"name":"(anonymous_0)","decl":{"start":{"line":8,"column":2},"end":{"line":8,"column":3}},"loc":{"start":{"line":8,"column":21},"end":{"line":13,"column":3}},"line":8},"1":{"name":"(anonymous_1)","decl":{"start":{"line":16,"column":2},"end":{"line":16,"column":3}},"loc":{"start":{"line":16,"column":22},"end":{"line":25,"column":3}},"line":16},"2":{"name":"(anonymous_2)","decl":{"start":{"line":20,"column":56},"end":{"line":20,"column":57}},"loc":{"start":{"line":20,"column":74},"end":{"line":24,"column":5}},"line":20},"3":{"name":"(anonymous_3)","decl":{"start":{"line":27,"column":2},"end":{"line":27,"column":3}},"loc":{"start":{"line":27,"column":11},"end":{"line":33,"column":3}},"line":27}},"branchMap":{"0":{"loc":{"start":{"line":40,"column":3},"end":{"line":40,"column":66}},"type":"binary-expr","locations":[{"start":{"line":40,"column":3},"end":{"line":40,"column":33}},{"start":{"line":40,"column":37},"end":{"line":40,"column":66}}],"line":40}},"s":{"0":2,"1":2,"2":2,"3":2,"4":2,"5":0,"6":2,"7":1},"f":{"0":2,"1":2,"2":0,"3":2},"b":{"0":[1,1]},"_coverageSchema":"1a1c01bbd47fc00a2c39e90264f33305004495a9","hash":"e1557b4684ca862e3eef474f026d675efb01b464"}
,"/mnt/c/Users/Austin/Desktop/reviews/client/components/Review.jsx": {"path":"/mnt/c/Users/Austin/Desktop/reviews/client/components/Review.jsx","statementMap":{"0":{"start":{"line":4,"column":2},"end":{"line":4,"column":53}},"1":{"start":{"line":7,"column":10},"end":{"line":7,"column":307}},"2":{"start":{"line":9,"column":14},"end":{"line":9,"column":289}},"3":{"start":{"line":13,"column":4},"end":{"line":13,"column":16}},"4":{"start":{"line":14,"column":4},"end":{"line":16,"column":5}},"5":{"start":{"line":20,"column":4},"end":{"line":20,"column":47}},"6":{"start":{"line":25,"column":3},"end":{"line":50,"column":4}}},"fnMap":{"0":{"name":"getRandomInt","decl":{"start":{"line":3,"column":9},"end":{"line":3,"column":21}},"loc":{"start":{"line":3,"column":27},"end":{"line":5,"column":1}},"line":3},"1":{"name":"(anonymous_1)","decl":{"start":{"line":12,"column":2},"end":{"line":12,"column":3}},"loc":{"start":{"line":12,"column":21},"end":{"line":17,"column":3}},"line":12},"2":{"name":"(anonymous_2)","decl":{"start":{"line":19,"column":2},"end":{"line":19,"column":3}},"loc":{"start":{"line":19,"column":11},"end":{"line":22,"column":3}},"line":19},"3":{"name":"(anonymous_3)","decl":{"start":{"line":24,"column":2},"end":{"line":24,"column":3}},"loc":{"start":{"line":24,"column":16},"end":{"line":51,"column":3}},"line":24}},"branchMap":{},"s":{"0":0,"1":1,"2":1,"3":1,"4":1,"5":0,"6":1},"f":{"0":0,"1":1,"2":0,"3":1},"b":{},"_coverageSchema":"1a1c01bbd47fc00a2c39e90264f33305004495a9","hash":"e534a1024d5e8b7476a65e209dbdd4c878f84a2b"}
,"/mnt/c/Users/Austin/Desktop/reviews/client/components/Reviews.jsx": {"path":"/mnt/c/Users/Austin/Desktop/reviews/client/components/Reviews.jsx","statementMap":{"0":{"start":{"line":6,"column":4},"end":{"line":6,"column":16}},"1":{"start":{"line":7,"column":4},"end":{"line":9,"column":5}},"2":{"start":{"line":13,"column":3},"end":{"line":27,"column":4}},"3":{"start":{"line":23,"column":13},"end":{"line":23,"column":231}}},"fnMap":{"0":{"name":"(anonymous_0)","decl":{"start":{"line":5,"column":2},"end":{"line":5,"column":3}},"loc":{"start":{"line":5,"column":21},"end":{"line":10,"column":3}},"line":5},"1":{"name":"(anonymous_1)","decl":{"start":{"line":12,"column":2},"end":{"line":12,"column":3}},"loc":{"start":{"line":12,"column":16},"end":{"line":28,"column":3}},"line":12},"2":{"name":"(anonymous_2)","decl":{"start":{"line":22,"column":29},"end":{"line":22,"column":30}},"loc":{"start":{"line":23,"column":13},"end":{"line":23,"column":231}},"line":23}},"branchMap":{},"s":{"0":1,"1":1,"2":1,"3":0},"f":{"0":1,"1":1,"2":0},"b":{},"_coverageSchema":"1a1c01bbd47fc00a2c39e90264f33305004495a9","hash":"3f7c28dd658c1de95a80211843496bcfc221f9ad"}
}
