TN:
SF:client/index.jsx
FN:8,(anonymous_0)
FN:16,(anonymous_1)
FN:20,(anonymous_2)
FN:27,(anonymous_3)
FNF:4
FNH:3
FNDA:2,(anonymous_0)
FNDA:2,(anonymous_1)
FNDA:0,(anonymous_2)
FNDA:2,(anonymous_3)
DA:9,2
DA:10,2
DA:17,2
DA:19,2
DA:20,2
DA:21,0
DA:28,2
DA:38,1
LF:8
LH:7
BRDA:40,0,0,1
BRDA:40,0,1,1
BRF:2
BRH:2
end_of_record
TN:
SF:client/components/Review.jsx
FN:3,getRandomInt
FN:12,(anonymous_1)
FN:19,(anonymous_2)
FN:24,(anonymous_3)
FNF:4
FNH:2
FNDA:0,getRandomInt
FNDA:1,(anonymous_1)
FNDA:0,(anonymous_2)
FNDA:1,(anonymous_3)
DA:4,0
DA:7,1
DA:9,1
DA:13,1
DA:14,1
DA:20,0
DA:25,1
LF:7
LH:5
BRF:0
BRH:0
end_of_record
TN:
SF:client/components/Reviews.jsx
FN:5,(anonymous_0)
FN:12,(anonymous_1)
FN:22,(anonymous_2)
FNF:3
FNH:2
FNDA:1,(anonymous_0)
FNDA:1,(anonymous_1)
FNDA:0,(anonymous_2)
DA:6,1
DA:7,1
DA:13,1
DA:23,0
LF:4
LH:3
BRF:0
BRH:0
end_of_record
